Determining if the pthread_create exist failed with the following output:
Change Dir: /home/redwan/POMDP/FIRM/edpl-ompl/scripts/CMakeFiles/CMakeTmp

Run Build Command:"/usr/bin/make" "cmTC_1c9e2/fast"
/usr/bin/make -f CMakeFiles/cmTC_1c9e2.dir/build.make CMakeFiles/cmTC_1c9e2.dir/build
make[1]: Entering directory '/home/redwan/POMDP/FIRM/edpl-ompl/scripts/CMakeFiles/CMakeTmp'
Building C object CMakeFiles/cmTC_1c9e2.dir/CheckSymbolExists.c.o
/usr/bin/gcc-5    -o CMakeFiles/cmTC_1c9e2.dir/CheckSymbolExists.c.o   -c /home/redwan/POMDP/FIRM/edpl-ompl/scripts/CMakeFiles/CMakeTmp/CheckSymbolExists.c
Linking C executable cmTC_1c9e2
/usr/bin/cmake -E cmake_link_script CMakeFiles/cmTC_1c9e2.dir/link.txt --verbose=1
/usr/bin/gcc-5      -rdynamic CMakeFiles/cmTC_1c9e2.dir/CheckSymbolExists.c.o  -o cmTC_1c9e2 
CMakeFiles/cmTC_1c9e2.dir/CheckSymbolExists.c.o: In function `main':
CheckSymbolExists.c:(.text+0x1b): undefined reference to `pthread_create'
collect2: error: ld returned 1 exit status
CMakeFiles/cmTC_1c9e2.dir/build.make:97: recipe for target 'cmTC_1c9e2' failed
make[1]: *** [cmTC_1c9e2] Error 1
make[1]: Leaving directory '/home/redwan/POMDP/FIRM/edpl-ompl/scripts/CMakeFiles/CMakeTmp'
Makefile:126: recipe for target 'cmTC_1c9e2/fast' failed
make: *** [cmTC_1c9e2/fast] Error 2

File /home/redwan/POMDP/FIRM/edpl-ompl/scripts/CMakeFiles/CMakeTmp/CheckSymbolExists.c:
/* */
#include <pthread.h>

int main(int argc, char** argv)
{
  (void)argv;
#ifndef pthread_create
  return ((int*)(&pthread_create))[argc];
#else
  (void)argc;
  return 0;
#endif
}

Determining if the function pthread_create exists in the pthreads failed with the following output:
Change Dir: /home/redwan/POMDP/FIRM/edpl-ompl/scripts/CMakeFiles/CMakeTmp

Run Build Command:"/usr/bin/make" "cmTC_e022b/fast"
/usr/bin/make -f CMakeFiles/cmTC_e022b.dir/build.make CMakeFiles/cmTC_e022b.dir/build
make[1]: Entering directory '/home/redwan/POMDP/FIRM/edpl-ompl/scripts/CMakeFiles/CMakeTmp'
Building C object CMakeFiles/cmTC_e022b.dir/CheckFunctionExists.c.o
/usr/bin/gcc-5   -DCHECK_FUNCTION_EXISTS=pthread_create   -o CMakeFiles/cmTC_e022b.dir/CheckFunctionExists.c.o   -c /usr/share/cmake-3.10/Modules/CheckFunctionExists.c
Linking C executable cmTC_e022b
/usr/bin/cmake -E cmake_link_script CMakeFiles/cmTC_e022b.dir/link.txt --verbose=1
/usr/bin/gcc-5  -DCHECK_FUNCTION_EXISTS=pthread_create    -rdynamic CMakeFiles/cmTC_e022b.dir/CheckFunctionExists.c.o  -o cmTC_e022b -lpthreads 
/usr/bin/ld: cannot find -lpthreads
collect2: error: ld returned 1 exit status
CMakeFiles/cmTC_e022b.dir/build.make:97: recipe for target 'cmTC_e022b' failed
make[1]: *** [cmTC_e022b] Error 1
make[1]: Leaving directory '/home/redwan/POMDP/FIRM/edpl-ompl/scripts/CMakeFiles/CMakeTmp'
Makefile:126: recipe for target 'cmTC_e022b/fast' failed
make: *** [cmTC_e022b/fast] Error 2


Determining if the Q_WS_WIN exist failed with the following output:
Change Dir: /home/redwan/POMDP/FIRM/edpl-ompl/scripts/CMakeFiles/CMakeTmp

Run Build Command:"/usr/bin/make" "cmTC_b096b/fast"
/usr/bin/make -f CMakeFiles/cmTC_b096b.dir/build.make CMakeFiles/cmTC_b096b.dir/build
make[1]: Entering directory '/home/redwan/POMDP/FIRM/edpl-ompl/scripts/CMakeFiles/CMakeTmp'
Building CXX object CMakeFiles/cmTC_b096b.dir/CheckSymbolExists.cxx.o
/usr/bin/g++-5   -I/usr/include/qt4  -std=c++11    -o CMakeFiles/cmTC_b096b.dir/CheckSymbolExists.cxx.o -c /home/redwan/POMDP/FIRM/edpl-ompl/scripts/CMakeFiles/CMakeTmp/CheckSymbolExists.cxx
/home/redwan/POMDP/FIRM/edpl-ompl/scripts/CMakeFiles/CMakeTmp/CheckSymbolExists.cxx: In function ‘int main(int, char**)’:
/home/redwan/POMDP/FIRM/edpl-ompl/scripts/CMakeFiles/CMakeTmp/CheckSymbolExists.cxx:8:19: error: ‘Q_WS_WIN’ was not declared in this scope
   return ((int*)(&Q_WS_WIN))[argc];
                   ^
CMakeFiles/cmTC_b096b.dir/build.make:65: recipe for target 'CMakeFiles/cmTC_b096b.dir/CheckSymbolExists.cxx.o' failed
make[1]: *** [CMakeFiles/cmTC_b096b.dir/CheckSymbolExists.cxx.o] Error 1
make[1]: Leaving directory '/home/redwan/POMDP/FIRM/edpl-ompl/scripts/CMakeFiles/CMakeTmp'
Makefile:126: recipe for target 'cmTC_b096b/fast' failed
make: *** [cmTC_b096b/fast] Error 2

File /home/redwan/POMDP/FIRM/edpl-ompl/scripts/CMakeFiles/CMakeTmp/CheckSymbolExists.cxx:
/* */
#include <QtCore/qglobal.h>

int main(int argc, char** argv)
{
  (void)argv;
#ifndef Q_WS_WIN
  return ((int*)(&Q_WS_WIN))[argc];
#else
  (void)argc;
  return 0;
#endif
}

Determining if the Q_WS_QWS exist failed with the following output:
Change Dir: /home/redwan/POMDP/FIRM/edpl-ompl/scripts/CMakeFiles/CMakeTmp

Run Build Command:"/usr/bin/make" "cmTC_432ba/fast"
/usr/bin/make -f CMakeFiles/cmTC_432ba.dir/build.make CMakeFiles/cmTC_432ba.dir/build
make[1]: Entering directory '/home/redwan/POMDP/FIRM/edpl-ompl/scripts/CMakeFiles/CMakeTmp'
Building CXX object CMakeFiles/cmTC_432ba.dir/CheckSymbolExists.cxx.o
/usr/bin/g++-5   -I/usr/include/qt4  -std=c++11    -o CMakeFiles/cmTC_432ba.dir/CheckSymbolExists.cxx.o -c /home/redwan/POMDP/FIRM/edpl-ompl/scripts/CMakeFiles/CMakeTmp/CheckSymbolExists.cxx
/home/redwan/POMDP/FIRM/edpl-ompl/scripts/CMakeFiles/CMakeTmp/CheckSymbolExists.cxx: In function ‘int main(int, char**)’:
/home/redwan/POMDP/FIRM/edpl-ompl/scripts/CMakeFiles/CMakeTmp/CheckSymbolExists.cxx:8:19: error: ‘Q_WS_QWS’ was not declared in this scope
   return ((int*)(&Q_WS_QWS))[argc];
                   ^
CMakeFiles/cmTC_432ba.dir/build.make:65: recipe for target 'CMakeFiles/cmTC_432ba.dir/CheckSymbolExists.cxx.o' failed
make[1]: *** [CMakeFiles/cmTC_432ba.dir/CheckSymbolExists.cxx.o] Error 1
make[1]: Leaving directory '/home/redwan/POMDP/FIRM/edpl-ompl/scripts/CMakeFiles/CMakeTmp'
Makefile:126: recipe for target 'cmTC_432ba/fast' failed
make: *** [cmTC_432ba/fast] Error 2

File /home/redwan/POMDP/FIRM/edpl-ompl/scripts/CMakeFiles/CMakeTmp/CheckSymbolExists.cxx:
/* */
#include <QtCore/qglobal.h>

int main(int argc, char** argv)
{
  (void)argv;
#ifndef Q_WS_QWS
  return ((int*)(&Q_WS_QWS))[argc];
#else
  (void)argc;
  return 0;
#endif
}

Determining if the Q_WS_MAC exist failed with the following output:
Change Dir: /home/redwan/POMDP/FIRM/edpl-ompl/scripts/CMakeFiles/CMakeTmp

Run Build Command:"/usr/bin/make" "cmTC_cced7/fast"
/usr/bin/make -f CMakeFiles/cmTC_cced7.dir/build.make CMakeFiles/cmTC_cced7.dir/build
make[1]: Entering directory '/home/redwan/POMDP/FIRM/edpl-ompl/scripts/CMakeFiles/CMakeTmp'
Building CXX object CMakeFiles/cmTC_cced7.dir/CheckSymbolExists.cxx.o
/usr/bin/g++-5   -I/usr/include/qt4  -std=c++11    -o CMakeFiles/cmTC_cced7.dir/CheckSymbolExists.cxx.o -c /home/redwan/POMDP/FIRM/edpl-ompl/scripts/CMakeFiles/CMakeTmp/CheckSymbolExists.cxx
/home/redwan/POMDP/FIRM/edpl-ompl/scripts/CMakeFiles/CMakeTmp/CheckSymbolExists.cxx: In function ‘int main(int, char**)’:
/home/redwan/POMDP/FIRM/edpl-ompl/scripts/CMakeFiles/CMakeTmp/CheckSymbolExists.cxx:8:19: error: ‘Q_WS_MAC’ was not declared in this scope
   return ((int*)(&Q_WS_MAC))[argc];
                   ^
CMakeFiles/cmTC_cced7.dir/build.make:65: recipe for target 'CMakeFiles/cmTC_cced7.dir/CheckSymbolExists.cxx.o' failed
make[1]: *** [CMakeFiles/cmTC_cced7.dir/CheckSymbolExists.cxx.o] Error 1
make[1]: Leaving directory '/home/redwan/POMDP/FIRM/edpl-ompl/scripts/CMakeFiles/CMakeTmp'
Makefile:126: recipe for target 'cmTC_cced7/fast' failed
make: *** [cmTC_cced7/fast] Error 2

File /home/redwan/POMDP/FIRM/edpl-ompl/scripts/CMakeFiles/CMakeTmp/CheckSymbolExists.cxx:
/* */
#include <QtCore/qglobal.h>

int main(int argc, char** argv)
{
  (void)argv;
#ifndef Q_WS_MAC
  return ((int*)(&Q_WS_MAC))[argc];
#else
  (void)argc;
  return 0;
#endif
}

